2021/09/27 20:41:57 [INFO] Terraform version: 0.14.4  
2021/09/27 20:41:57 [INFO] Go runtime version: go1.15.6
2021/09/27 20:41:57 [INFO] CLI args: []string{"/home/michel/.tfenv/versions/0.14.4/terraform", "apply", "-auto-approve", "tfplan.out"}
2021/09/27 20:41:57 [DEBUG] Attempting to open CLI config file: /home/michel/.terraformrc
2021/09/27 20:41:57 [DEBUG] File doesn't exist, but doesn't need to. Ignoring.
2021/09/27 20:41:57 [DEBUG] ignoring non-existing provider search directory terraform.d/plugins
2021/09/27 20:41:57 [DEBUG] ignoring non-existing provider search directory /home/michel/.terraform.d/plugins
2021/09/27 20:41:57 [DEBUG] ignoring non-existing provider search directory /home/michel/.local/share/terraform/plugins
2021/09/27 20:41:57 [DEBUG] ignoring non-existing provider search directory /usr/local/share/terraform/plugins
2021/09/27 20:41:57 [DEBUG] ignoring non-existing provider search directory /usr/share/terraform/plugins
2021/09/27 20:41:57 [DEBUG] ignoring non-existing provider search directory /var/lib/snapd/desktop/terraform/plugins
2021/09/27 20:41:57 [INFO] CLI command args: []string{"apply", "-auto-approve", "tfplan.out"}
2021/09/27 20:41:57 [TRACE] Meta.BackendForPlan: instantiated backend of type *local.Local
2021/09/27 20:41:57 [TRACE] providercache.fillMetaCache: scanning directory .terraform/providers
2021/09/27 20:41:57 [TRACE] getproviders.SearchLocalDirectory: .terraform/providers is a symlink to .terraform/providers
2021/09/27 20:41:57 [TRACE] getproviders.SearchLocalDirectory: found registry.terraform.io/hashicorp/aws v3.23.0 for linux_amd64 at .terraform/providers/registry.terraform.io/hashicorp/aws/3.23.0/linux_amd64
2021/09/27 20:41:57 [TRACE] getproviders.SearchLocalDirectory: found registry.terraform.io/hashicorp/random v3.0.1 for linux_amd64 at .terraform/providers/registry.terraform.io/hashicorp/random/3.0.1/linux_amd64
2021/09/27 20:41:57 [TRACE] getproviders.SearchLocalDirectory: found registry.terraform.io/hashicorp/random v3.1.0 for linux_amd64 at .terraform/providers/registry.terraform.io/hashicorp/random/3.1.0/linux_amd64
2021/09/27 20:41:57 [TRACE] providercache.fillMetaCache: including .terraform/providers/registry.terraform.io/hashicorp/aws/3.23.0/linux_amd64 as a candidate package for registry.terraform.io/hashicorp/aws 3.23.0
2021/09/27 20:41:57 [TRACE] providercache.fillMetaCache: including .terraform/providers/registry.terraform.io/hashicorp/random/3.0.1/linux_amd64 as a candidate package for registry.terraform.io/hashicorp/random 3.0.1
2021/09/27 20:41:57 [TRACE] providercache.fillMetaCache: including .terraform/providers/registry.terraform.io/hashicorp/random/3.1.0/linux_amd64 as a candidate package for registry.terraform.io/hashicorp/random 3.1.0
2021/09/27 20:41:57 [TRACE] providercache.fillMetaCache: using cached result from previous scan of .terraform/providers
2021/09/27 20:41:57 [DEBUG] checking for provisioner in "."
2021/09/27 20:41:57 [DEBUG] checking for provisioner in "/home/michel/.tfenv/versions/0.14.4"
2021/09/27 20:41:57 [INFO] Failed to read plugin lock file .terraform/plugins/linux_amd64/lock.json: open .terraform/plugins/linux_amd64/lock.json: no such file or directory
2021/09/27 20:41:57 [TRACE] Meta.BackendForPlan: backend *local.Local supports operations
2021/09/27 20:41:57 [INFO] backend/local: starting Apply operation
2021/09/27 20:41:57 [TRACE] backend/local: requesting state manager for workspace "default"
2021/09/27 20:41:57 [TRACE] backend/local: state manager for workspace "default" will:
 - read initial snapshot from terraform.tfstate
 - write new snapshots to terraform.tfstate
 - create any backup at terraform.tfstate.backup
2021/09/27 20:41:57 [TRACE] backend/local: requesting state lock for workspace "default"
2021/09/27 20:41:57 [TRACE] statemgr.Filesystem: preparing to manage state snapshots at terraform.tfstate
2021/09/27 20:41:57 [TRACE] statemgr.Filesystem: existing snapshot has lineage "76ce87de-882d-e9d2-ff45-d7cf89ff2da8" serial 37
2021/09/27 20:41:57 [TRACE] statemgr.Filesystem: locking terraform.tfstate using fcntl flock
2021/09/27 20:41:57 [TRACE] statemgr.Filesystem: writing lock metadata to .terraform.tfstate.lock.info
2021/09/27 20:41:57 [TRACE] backend/local: reading remote state for workspace "default"
2021/09/27 20:41:57 [TRACE] statemgr.Filesystem: reading latest snapshot from terraform.tfstate
2021/09/27 20:41:57 [TRACE] statemgr.Filesystem: read snapshot with lineage "76ce87de-882d-e9d2-ff45-d7cf89ff2da8" serial 37
2021/09/27 20:41:57 [TRACE] backend/local: retrieving local state snapshot for workspace "default"
2021/09/27 20:41:57 [TRACE] backend/local: building context from plan file
2021/09/27 20:41:57 [TRACE] terraform.NewContext: starting
2021/09/27 20:41:57 [TRACE] terraform.NewContext: loading provider schemas
2021/09/27 20:41:57 [TRACE] LoadSchemas: retrieving schema for provider type "registry.terraform.io/hashicorp/aws"
2021-09-27T20:41:57.919-0300 [INFO]  plugin: configuring client automatic mTLS
2021-09-27T20:41:57.959-0300 [DEBUG] plugin: starting plugin: path=.terraform/providers/registry.terraform.io/hashicorp/aws/3.23.0/linux_amd64/terraform-provider-aws_v3.23.0_x5 args=[.terraform/providers/registry.terraform.io/hashicorp/aws/3.23.0/linux_amd64/terraform-provider-aws_v3.23.0_x5]
2021-09-27T20:41:57.959-0300 [DEBUG] plugin: plugin started: path=.terraform/providers/registry.terraform.io/hashicorp/aws/3.23.0/linux_amd64/terraform-provider-aws_v3.23.0_x5 pid=8582
2021-09-27T20:41:57.959-0300 [DEBUG] plugin: waiting for RPC address: path=.terraform/providers/registry.terraform.io/hashicorp/aws/3.23.0/linux_amd64/terraform-provider-aws_v3.23.0_x5
2021-09-27T20:41:58.002-0300 [INFO]  plugin.terraform-provider-aws_v3.23.0_x5: configuring server automatic mTLS: timestamp=2021-09-27T20:41:58.002-0300
2021-09-27T20:41:58.046-0300 [DEBUG] plugin.terraform-provider-aws_v3.23.0_x5: plugin address: address=/tmp/plugin003955621 network=unix timestamp=2021-09-27T20:41:58.046-0300
2021-09-27T20:41:58.047-0300 [DEBUG] plugin: using plugin: version=5
2021/09/27 20:41:58 [TRACE] GRPCProvider: GetSchema
2021-09-27T20:41:58.132-0300 [TRACE] plugin.stdio: waiting for stdio data
2021/09/27 20:41:58 [TRACE] GRPCProvider: Close
2021-09-27T20:41:58.258-0300 [WARN]  plugin.stdio: received EOF, stopping recv loop: err="rpc error: code = Unavailable desc = transport is closing"
2021-09-27T20:41:58.260-0300 [DEBUG] plugin: plugin process exited: path=.terraform/providers/registry.terraform.io/hashicorp/aws/3.23.0/linux_amd64/terraform-provider-aws_v3.23.0_x5 pid=8582
2021-09-27T20:41:58.260-0300 [DEBUG] plugin: plugin exited
2021/09/27 20:41:58 [TRACE] LoadSchemas: retrieving schema for provider type "registry.terraform.io/hashicorp/random"
2021-09-27T20:41:58.260-0300 [INFO]  plugin: configuring client automatic mTLS
2021-09-27T20:41:58.301-0300 [DEBUG] plugin: starting plugin: path=.terraform/providers/registry.terraform.io/hashicorp/random/3.0.1/linux_amd64/terraform-provider-random_v3.0.1_x5 args=[.terraform/providers/registry.terraform.io/hashicorp/random/3.0.1/linux_amd64/terraform-provider-random_v3.0.1_x5]
2021-09-27T20:41:58.301-0300 [DEBUG] plugin: plugin started: path=.terraform/providers/registry.terraform.io/hashicorp/random/3.0.1/linux_amd64/terraform-provider-random_v3.0.1_x5 pid=8591
2021-09-27T20:41:58.301-0300 [DEBUG] plugin: waiting for RPC address: path=.terraform/providers/registry.terraform.io/hashicorp/random/3.0.1/linux_amd64/terraform-provider-random_v3.0.1_x5
2021-09-27T20:41:58.310-0300 [INFO]  plugin.terraform-provider-random_v3.0.1_x5: configuring server automatic mTLS: timestamp=2021-09-27T20:41:58.310-0300
2021-09-27T20:41:58.353-0300 [DEBUG] plugin: using plugin: version=5
2021-09-27T20:41:58.353-0300 [DEBUG] plugin.terraform-provider-random_v3.0.1_x5: plugin address: network=unix address=/tmp/plugin347293806 timestamp=2021-09-27T20:41:58.353-0300
2021/09/27 20:41:58 [TRACE] GRPCProvider: GetSchema
2021-09-27T20:41:58.440-0300 [TRACE] plugin.stdio: waiting for stdio data
2021/09/27 20:41:58 [TRACE] GRPCProvider: Close
2021-09-27T20:41:58.443-0300 [WARN]  plugin.stdio: received EOF, stopping recv loop: err="rpc error: code = Unavailable desc = transport is closing"
2021-09-27T20:41:58.444-0300 [DEBUG] plugin: plugin process exited: path=.terraform/providers/registry.terraform.io/hashicorp/random/3.0.1/linux_amd64/terraform-provider-random_v3.0.1_x5 pid=8591
2021-09-27T20:41:58.444-0300 [DEBUG] plugin: plugin exited
2021/09/27 20:41:58 [TRACE] terraform.NewContext: complete
2021/09/27 20:41:58 [TRACE] backend/local: finished building terraform.Context
2021/09/27 20:41:58 [INFO] backend/local: apply calling Apply
2021/09/27 20:41:58 [INFO] terraform: building graph: GraphTypeApply
2021/09/27 20:41:58 [TRACE] Executing graph transform *terraform.ConfigTransformer
2021/09/27 20:41:58 [TRACE] ConfigTransformer: Starting for path: 
2021/09/27 20:41:58 [TRACE] Completed graph transform *terraform.ConfigTransformer with new graph:
  aws_instance.ec2Instance (expand) - *terraform.nodeExpandApplyableResource
  aws_s3_bucket.bucket-1 (expand) - *terraform.nodeExpandApplyableResource
  aws_s3_bucket.bucket-2 (expand) - *terraform.nodeExpandApplyableResource
  aws_s3_bucket_object.bucket-2 (expand) - *terraform.nodeExpandApplyableResource
  random_pet.bucket (expand) - *terraform.nodeExpandApplyableResource
  ------
2021/09/27 20:41:58 [TRACE] Executing graph transform *terraform.RootVariableTransformer
2021/09/27 20:41:58 [TRACE] Completed graph transform *terraform.RootVariableTransformer with new graph:
  aws_instance.ec2Instance (expand) - *terraform.nodeExpandApplyableResource
  aws_s3_bucket.bucket-1 (expand) - *terraform.nodeExpandApplyableResource
  aws_s3_bucket.bucket-2 (expand) - *terraform.nodeExpandApplyableResource
  aws_s3_bucket_object.bucket-2 (expand) - *terraform.nodeExpandApplyableResource
  random_pet.bucket (expand) - *terraform.nodeExpandApplyableResource
  var.aws_default_tags - *terraform.NodeRootVariable
  var.aws_instance_ami - *terraform.NodeRootVariable
  var.aws_instance_type - *terraform.NodeRootVariable
  var.aws_profile - *terraform.NodeRootVariable
  var.aws_region - *terraform.NodeRootVariable
  var.environment - *terraform.NodeRootVariable
  ------
2021/09/27 20:41:58 [TRACE] Executing graph transform *terraform.ModuleVariableTransformer
2021/09/27 20:41:58 [TRACE] Completed graph transform *terraform.ModuleVariableTransformer (no changes)
2021/09/27 20:41:58 [TRACE] Executing graph transform *terraform.LocalTransformer
2021/09/27 20:41:58 [TRACE] Completed graph transform *terraform.LocalTransformer with new graph:
  aws_instance.ec2Instance (expand) - *terraform.nodeExpandApplyableResource
  aws_s3_bucket.bucket-1 (expand) - *terraform.nodeExpandApplyableResource
  aws_s3_bucket.bucket-2 (expand) - *terraform.nodeExpandApplyableResource
  aws_s3_bucket_object.bucket-2 (expand) - *terraform.nodeExpandApplyableResource
  local.ips_path (expand) - *terraform.nodeExpandLocal
  local.tags (expand) - *terraform.nodeExpandLocal
  random_pet.bucket (expand) - *terraform.nodeExpandApplyableResource
  var.aws_default_tags - *terraform.NodeRootVariable
  var.aws_instance_ami - *terraform.NodeRootVariable
  var.aws_instance_type - *terraform.NodeRootVariable
  var.aws_profile - *terraform.NodeRootVariable
  var.aws_region - *terraform.NodeRootVariable
  var.environment - *terraform.NodeRootVariable
  ------
2021/09/27 20:41:58 [TRACE] Executing graph transform *terraform.OutputTransformer
2021/09/27 20:41:58 [TRACE] Completed graph transform *terraform.OutputTransformer (no changes)
2021/09/27 20:41:58 [TRACE] Executing graph transform *terraform.DiffTransformer
2021/09/27 20:41:58 [TRACE] DiffTransformer starting
2021/09/27 20:41:58 [TRACE] DiffTransformer: found NoOp change for random_pet.bucket 
2021/09/27 20:41:58 [TRACE] DiffTransformer: found Create change for aws_s3_bucket.bucket-2 
2021/09/27 20:41:58 [TRACE] DiffTransformer: aws_s3_bucket.bucket-2 will be represented by aws_s3_bucket.bucket-2
2021/09/27 20:41:58 [TRACE] DiffTransformer: found Create change for aws_s3_bucket_object.bucket-2 
2021/09/27 20:41:58 [TRACE] DiffTransformer: aws_s3_bucket_object.bucket-2 will be represented by aws_s3_bucket_object.bucket-2
2021/09/27 20:41:58 [TRACE] DiffTransformer: found NoOp change for aws_instance.ec2Instance 
2021/09/27 20:41:58 [TRACE] DiffTransformer: found NoOp change for aws_s3_bucket.bucket-1 
2021/09/27 20:41:58 [TRACE] DiffTransformer complete
2021/09/27 20:41:58 [TRACE] Completed graph transform *terraform.DiffTransformer with new graph:
  aws_instance.ec2Instance (expand) - *terraform.nodeExpandApplyableResource
  aws_s3_bucket.bucket-1 (expand) - *terraform.nodeExpandApplyableResource
  aws_s3_bucket.bucket-2 - *terraform.NodeApplyableResourceInstance
    aws_s3_bucket.bucket-2 (expand) - *terraform.nodeExpandApplyableResource
  aws_s3_bucket.bucket-2 (expand) - *terraform.nodeExpandApplyableResource
  aws_s3_bucket_object.bucket-2 - *terraform.NodeApplyableResourceInstance
    aws_s3_bucket_object.bucket-2 (expand) - *terraform.nodeExpandApplyableResource
  aws_s3_bucket_object.bucket-2 (expand) - *terraform.nodeExpandApplyableResource
  local.ips_path (expand) - *terraform.nodeExpandLocal
  local.tags (expand) - *terraform.nodeExpandLocal
  random_pet.bucket (expand) - *terraform.nodeExpandApplyableResource
  var.aws_default_tags - *terraform.NodeRootVariable
  var.aws_instance_ami - *terraform.NodeRootVariable
  var.aws_instance_type - *terraform.NodeRootVariable
  var.aws_profile - *terraform.NodeRootVariable
  var.aws_region - *terraform.NodeRootVariable
  var.environment - *terraform.NodeRootVariable
  ------
2021/09/27 20:41:58 [TRACE] Executing graph transform *terraform.AttachStateTransformer
2021/09/27 20:41:58 [DEBUG] Resource state not found for node "aws_s3_bucket.bucket-2", instance aws_s3_bucket.bucket-2
2021/09/27 20:41:58 [DEBUG] Resource state not found for node "aws_s3_bucket_object.bucket-2", instance aws_s3_bucket_object.bucket-2
2021/09/27 20:41:58 [TRACE] Completed graph transform *terraform.AttachStateTransformer (no changes)
2021/09/27 20:41:58 [TRACE] Executing graph transform *terraform.OrphanOutputTransformer
2021/09/27 20:41:58 [TRACE] Completed graph transform *terraform.OrphanOutputTransformer (no changes)
2021/09/27 20:41:58 [TRACE] Executing graph transform *terraform.AttachResourceConfigTransformer
2021/09/27 20:41:58 [TRACE] AttachResourceConfigTransformer: attaching to "aws_instance.ec2Instance (expand)" (*terraform.nodeExpandApplyableResource) config from main.tf:44,1-38
2021/09/27 20:41:58 [TRACE] AttachResourceConfigTransformer: attaching provider meta configs to aws_instance.ec2Instance (expand)
2021/09/27 20:41:58 [TRACE] AttachResourceConfigTransformer: attaching to "aws_s3_bucket.bucket-2" (*terraform.NodeApplyableResourceInstance) config from s3.tf:2,1-36
2021/09/27 20:41:58 [TRACE] AttachResourceConfigTransformer: attaching provider meta configs to aws_s3_bucket.bucket-2
2021/09/27 20:41:58 [TRACE] AttachResourceConfigTransformer: attaching to "aws_s3_bucket.bucket-1 (expand)" (*terraform.nodeExpandApplyableResource) config from main.tf:31,1-36
2021/09/27 20:41:58 [TRACE] AttachResourceConfigTransformer: attaching provider meta configs to aws_s3_bucket.bucket-1 (expand)
2021/09/27 20:41:58 [TRACE] AttachResourceConfigTransformer: attaching to "aws_s3_bucket.bucket-2 (expand)" (*terraform.nodeExpandApplyableResource) config from s3.tf:2,1-36
2021/09/27 20:41:58 [TRACE] AttachResourceConfigTransformer: attaching provider meta configs to aws_s3_bucket.bucket-2 (expand)
2021/09/27 20:41:58 [TRACE] AttachResourceConfigTransformer: attaching to "aws_s3_bucket_object.bucket-2 (expand)" (*terraform.nodeExpandApplyableResource) config from s3.tf:8,1-43
2021/09/27 20:41:58 [TRACE] AttachResourceConfigTransformer: attaching provider meta configs to aws_s3_bucket_object.bucket-2 (expand)
2021/09/27 20:41:58 [TRACE] AttachResourceConfigTransformer: attaching to "random_pet.bucket (expand)" (*terraform.nodeExpandApplyableResource) config from random.tf:1,1-31
2021/09/27 20:41:58 [TRACE] AttachResourceConfigTransformer: attaching provider meta configs to random_pet.bucket (expand)
2021/09/27 20:41:58 [TRACE] AttachResourceConfigTransformer: attaching to "aws_s3_bucket_object.bucket-2" (*terraform.NodeApplyableResourceInstance) config from s3.tf:8,1-43
2021/09/27 20:41:58 [TRACE] AttachResourceConfigTransformer: attaching provider meta configs to aws_s3_bucket_object.bucket-2
2021/09/27 20:41:58 [TRACE] Completed graph transform *terraform.AttachResourceConfigTransformer (no changes)
2021/09/27 20:41:58 [TRACE] Executing graph transform *terraform.MissingProvisionerTransformer
2021/09/27 20:41:58 [TRACE] Completed graph transform *terraform.MissingProvisionerTransformer (no changes)
2021/09/27 20:41:58 [TRACE] Executing graph transform *terraform.ProvisionerTransformer
2021/09/27 20:41:58 [TRACE] Completed graph transform *terraform.ProvisionerTransformer (no changes)
2021/09/27 20:41:58 [TRACE] Executing graph transform *terraform.graphTransformerMulti
2021/09/27 20:41:58 [TRACE] (graphTransformerMulti) Executing graph transform *terraform.ProviderConfigTransformer
2021/09/27 20:41:58 [TRACE] ProviderConfigTransformer: attaching to "provider[\"registry.terraform.io/hashicorp/aws\"]" provider configuration from main.tf:22,1-15
2021/09/27 20:41:58 [TRACE] (graphTransformerMulti) Completed graph transform *terraform.ProviderConfigTransformer with new graph:
  aws_instance.ec2Instance (expand) - *terraform.nodeExpandApplyableResource
  aws_s3_bucket.bucket-1 (expand) - *terraform.nodeExpandApplyableResource
  aws_s3_bucket.bucket-2 - *terraform.NodeApplyableResourceInstance
    aws_s3_bucket.bucket-2 (expand) - *terraform.nodeExpandApplyableResource
  aws_s3_bucket.bucket-2 (expand) - *terraform.nodeExpandApplyableResource
  aws_s3_bucket_object.bucket-2 - *terraform.NodeApplyableResourceInstance
    aws_s3_bucket_object.bucket-2 (expand) - *terraform.nodeExpandApplyableResource
  aws_s3_bucket_object.bucket-2 (expand) - *terraform.nodeExpandApplyableResource
  local.ips_path (expand) - *terraform.nodeExpandLocal
  local.tags (expand) - *terraform.nodeExpandLocal
  provider["registry.terraform.io/hashicorp/aws"] - *terraform.NodeApplyableProvider
  random_pet.bucket (expand) - *terraform.nodeExpandApplyableResource
  var.aws_default_tags - *terraform.NodeRootVariable
  var.aws_instance_ami - *terraform.NodeRootVariable
  var.aws_instance_type - *terraform.NodeRootVariable
  var.aws_profile - *terraform.NodeRootVariable
  var.aws_region - *terraform.NodeRootVariable
  var.environment - *terraform.NodeRootVariable
  ------
2021/09/27 20:41:58 [TRACE] (graphTransformerMulti) Executing graph transform *terraform.MissingProviderTransformer
2021/09/27 20:41:58 [DEBUG] adding implicit provider configuration provider["registry.terraform.io/hashicorp/random"], implied first by random_pet.bucket (expand)
2021/09/27 20:41:58 [TRACE] (graphTransformerMulti) Completed graph transform *terraform.MissingProviderTransformer with new graph:
  aws_instance.ec2Instance (expand) - *terraform.nodeExpandApplyableResource
  aws_s3_bucket.bucket-1 (expand) - *terraform.nodeExpandApplyableResource
  aws_s3_bucket.bucket-2 - *terraform.NodeApplyableResourceInstance
    aws_s3_bucket.bucket-2 (expand) - *terraform.nodeExpandApplyableResource
  aws_s3_bucket.bucket-2 (expand) - *terraform.nodeExpandApplyableResource
  aws_s3_bucket_object.bucket-2 - *terraform.NodeApplyableResourceInstance
    aws_s3_bucket_object.bucket-2 (expand) - *terraform.nodeExpandApplyableResource
  aws_s3_bucket_object.bucket-2 (expand) - *terraform.nodeExpandApplyableResource
  local.ips_path (expand) - *terraform.nodeExpandLocal
  local.tags (expand) - *terraform.nodeExpandLocal
  provider["registry.terraform.io/hashicorp/aws"] - *terraform.NodeApplyableProvider
  provider["registry.terraform.io/hashicorp/random"] - *terraform.NodeApplyableProvider
  random_pet.bucket (expand) - *terraform.nodeExpandApplyableResource
  var.aws_default_tags - *terraform.NodeRootVariable
  var.aws_instance_ami - *terraform.NodeRootVariable
  var.aws_instance_type - *terraform.NodeRootVariable
  var.aws_profile - *terraform.NodeRootVariable
  var.aws_region - *terraform.NodeRootVariable
  var.environment - *terraform.NodeRootVariable
  ------
2021/09/27 20:41:58 [TRACE] (graphTransformerMulti) Executing graph transform *terraform.ProviderTransformer
2021/09/27 20:41:58 [TRACE] ProviderTransformer: exact match for provider["registry.terraform.io/hashicorp/random"] serving random_pet.bucket (expand)
2021/09/27 20:41:58 [DEBUG] ProviderTransformer: "random_pet.bucket (expand)" (*terraform.nodeExpandApplyableResource) needs provider["registry.terraform.io/hashicorp/random"]
2021/09/27 20:41:58 [TRACE] ProviderTransformer: exact match for provider["registry.terraform.io/hashicorp/aws"] serving aws_s3_bucket_object.bucket-2
2021/09/27 20:41:58 [DEBUG] ProviderTransformer: "aws_s3_bucket_object.bucket-2" (*terraform.NodeApplyableResourceInstance) needs provider["registry.terraform.io/hashicorp/aws"]
2021/09/27 20:41:58 [TRACE] ProviderTransformer: exact match for provider["registry.terraform.io/hashicorp/aws"] serving aws_instance.ec2Instance (expand)
2021/09/27 20:41:58 [DEBUG] ProviderTransformer: "aws_instance.ec2Instance (expand)" (*terraform.nodeExpandApplyableResource) needs provider["registry.terraform.io/hashicorp/aws"]
2021/09/27 20:41:58 [TRACE] ProviderTransformer: exact match for provider["registry.terraform.io/hashicorp/aws"] serving aws_s3_bucket.bucket-2
2021/09/27 20:41:58 [DEBUG] ProviderTransformer: "aws_s3_bucket.bucket-2" (*terraform.NodeApplyableResourceInstance) needs provider["registry.terraform.io/hashicorp/aws"]
2021/09/27 20:41:58 [TRACE] ProviderTransformer: exact match for provider["registry.terraform.io/hashicorp/aws"] serving aws_s3_bucket.bucket-1 (expand)
2021/09/27 20:41:58 [DEBUG] ProviderTransformer: "aws_s3_bucket.bucket-1 (expand)" (*terraform.nodeExpandApplyableResource) needs provider["registry.terraform.io/hashicorp/aws"]
2021/09/27 20:41:58 [TRACE] ProviderTransformer: exact match for provider["registry.terraform.io/hashicorp/aws"] serving aws_s3_bucket.bucket-2 (expand)
2021/09/27 20:41:58 [DEBUG] ProviderTransformer: "aws_s3_bucket.bucket-2 (expand)" (*terraform.nodeExpandApplyableResource) needs provider["registry.terraform.io/hashicorp/aws"]
2021/09/27 20:41:58 [TRACE] ProviderTransformer: exact match for provider["registry.terraform.io/hashicorp/aws"] serving aws_s3_bucket_object.bucket-2 (expand)
2021/09/27 20:41:58 [DEBUG] ProviderTransformer: "aws_s3_bucket_object.bucket-2 (expand)" (*terraform.nodeExpandApplyableResource) needs provider["registry.terraform.io/hashicorp/aws"]
2021/09/27 20:41:58 [TRACE] (graphTransformerMulti) Completed graph transform *terraform.ProviderTransformer with new graph:
  aws_instance.ec2Instance (expand) - *terraform.nodeExpandApplyableResource
    provider["registry.terraform.io/hashicorp/aws"] - *terraform.NodeApplyableProvider
  aws_s3_bucket.bucket-1 (expand) - *terraform.nodeExpandApplyableResource
    provider["registry.terraform.io/hashicorp/aws"] - *terraform.NodeApplyableProvider
  aws_s3_bucket.bucket-2 - *terraform.NodeApplyableResourceInstance
    aws_s3_bucket.bucket-2 (expand) - *terraform.nodeExpandApplyableResource
    provider["registry.terraform.io/hashicorp/aws"] - *terraform.NodeApplyableProvider
  aws_s3_bucket.bucket-2 (expand) - *terraform.nodeExpandApplyableResource
    provider["registry.terraform.io/hashicorp/aws"] - *terraform.NodeApplyableProvider
  aws_s3_bucket_object.bucket-2 - *terraform.NodeApplyableResourceInstance
    aws_s3_bucket_object.bucket-2 (expand) - *terraform.nodeExpandApplyableResource
    provider["registry.terraform.io/hashicorp/aws"] - *terraform.NodeApplyableProvider
  aws_s3_bucket_object.bucket-2 (expand) - *terraform.nodeExpandApplyableResource
    provider["registry.terraform.io/hashicorp/aws"] - *terraform.NodeApplyableProvider
  local.ips_path (expand) - *terraform.nodeExpandLocal
  local.tags (expand) - *terraform.nodeExpandLocal
  provider["registry.terraform.io/hashicorp/aws"] - *terraform.NodeApplyableProvider
  provider["registry.terraform.io/hashicorp/random"] - *terraform.NodeApplyableProvider
  random_pet.bucket (expand) - *terraform.nodeExpandApplyableResource
    provider["registry.terraform.io/hashicorp/random"] - *terraform.NodeApplyableProvider
  var.aws_default_tags - *terraform.NodeRootVariable
  var.aws_instance_ami - *terraform.NodeRootVariable
  var.aws_instance_type - *terraform.NodeRootVariable
  var.aws_profile - *terraform.NodeRootVariable
  var.aws_region - *terraform.NodeRootVariable
  var.environment - *terraform.NodeRootVariable
  ------
2021/09/27 20:41:58 [TRACE] (graphTransformerMulti) Executing graph transform *terraform.PruneProviderTransformer
2021/09/27 20:41:58 [TRACE] (graphTransformerMulti) Completed graph transform *terraform.PruneProviderTransformer (no changes)
2021/09/27 20:41:58 [TRACE] (graphTransformerMulti) Executing graph transform *terraform.ParentProviderTransformer
2021/09/27 20:41:58 [TRACE] (graphTransformerMulti) Completed graph transform *terraform.ParentProviderTransformer (no changes)
2021/09/27 20:41:58 [TRACE] Completed graph transform *terraform.graphTransformerMulti with new graph:
  aws_instance.ec2Instance (expand) - *terraform.nodeExpandApplyableResource
    provider["registry.terraform.io/hashicorp/aws"] - *terraform.NodeApplyableProvider
  aws_s3_bucket.bucket-1 (expand) - *terraform.nodeExpandApplyableResource
    provider["registry.terraform.io/hashicorp/aws"] - *terraform.NodeApplyableProvider
  aws_s3_bucket.bucket-2 - *terraform.NodeApplyableResourceInstance
    aws_s3_bucket.bucket-2 (expand) - *terraform.nodeExpandApplyableResource
    provider["registry.terraform.io/hashicorp/aws"] - *terraform.NodeApplyableProvider
  aws_s3_bucket.bucket-2 (expand) - *terraform.nodeExpandApplyableResource
    provider["registry.terraform.io/hashicorp/aws"] - *terraform.NodeApplyableProvider
  aws_s3_bucket_object.bucket-2 - *terraform.NodeApplyableResourceInstance
    aws_s3_bucket_object.bucket-2 (expand) - *terraform.nodeExpandApplyableResource
    provider["registry.terraform.io/hashicorp/aws"] - *terraform.NodeApplyableProvider
  aws_s3_bucket_object.bucket-2 (expand) - *terraform.nodeExpandApplyableResource
    provider["registry.terraform.io/hashicorp/aws"] - *terraform.NodeApplyableProvider
  local.ips_path (expand) - *terraform.nodeExpandLocal
  local.tags (expand) - *terraform.nodeExpandLocal
  provider["registry.terraform.io/hashicorp/aws"] - *terraform.NodeApplyableProvider
  provider["registry.terraform.io/hashicorp/random"] - *terraform.NodeApplyableProvider
  random_pet.bucket (expand) - *terraform.nodeExpandApplyableResource
    provider["registry.terraform.io/hashicorp/random"] - *terraform.NodeApplyableProvider
  var.aws_default_tags - *terraform.NodeRootVariable
  var.aws_instance_ami - *terraform.NodeRootVariable
  var.aws_instance_type - *terraform.NodeRootVariable
  var.aws_profile - *terraform.NodeRootVariable
  var.aws_region - *terraform.NodeRootVariable
  var.environment - *terraform.NodeRootVariable
  ------
2021/09/27 20:41:58 [TRACE] Executing graph transform *terraform.RemovedModuleTransformer
2021/09/27 20:41:58 [TRACE] Completed graph transform *terraform.RemovedModuleTransformer (no changes)
2021/09/27 20:41:58 [TRACE] Executing graph transform *terraform.AttachSchemaTransformer
2021/09/27 20:41:58 [TRACE] AttachSchemaTransformer: attaching resource schema to aws_s3_bucket_object.bucket-2
2021/09/27 20:41:58 [TRACE] AttachSchemaTransformer: attaching resource schema to random_pet.bucket (expand)
2021/09/27 20:41:58 [TRACE] AttachSchemaTransformer: attaching provider config schema to provider["registry.terraform.io/hashicorp/aws"]
2021/09/27 20:41:58 [TRACE] AttachSchemaTransformer: attaching resource schema to aws_s3_bucket.bucket-2
2021/09/27 20:41:58 [TRACE] AttachSchemaTransformer: attaching resource schema to aws_instance.ec2Instance (expand)
2021/09/27 20:41:58 [TRACE] AttachSchemaTransformer: attaching resource schema to aws_s3_bucket.bucket-2 (expand)
2021/09/27 20:41:58 [TRACE] AttachSchemaTransformer: attaching resource schema to aws_s3_bucket_object.bucket-2 (expand)
2021/09/27 20:41:58 [TRACE] AttachSchemaTransformer: attaching provider config schema to provider["registry.terraform.io/hashicorp/random"]
2021/09/27 20:41:58 [TRACE] AttachSchemaTransformer: attaching resource schema to aws_s3_bucket.bucket-1 (expand)
2021/09/27 20:41:58 [TRACE] Completed graph transform *terraform.AttachSchemaTransformer (no changes)
2021/09/27 20:41:58 [TRACE] Executing graph transform *terraform.ModuleExpansionTransformer
2021/09/27 20:41:58 [TRACE] Completed graph transform *terraform.ModuleExpansionTransformer (no changes)
2021/09/27 20:41:58 [TRACE] Executing graph transform *terraform.ReferenceTransformer
2021/09/27 20:41:58 [DEBUG] ReferenceTransformer: "var.aws_instance_type" references: []
2021/09/27 20:41:58 [DEBUG] ReferenceTransformer: "var.environment" references: []
2021/09/27 20:41:58 [DEBUG] ReferenceTransformer: "local.tags (expand)" references: [var.environment]
2021/09/27 20:41:58 [DEBUG] ReferenceTransformer: "provider[\"registry.terraform.io/hashicorp/random\"]" references: []
2021/09/27 20:41:58 [DEBUG] ReferenceTransformer: "aws_s3_bucket.bucket-1 (expand)" references: []
2021/09/27 20:41:58 [DEBUG] ReferenceTransformer: "aws_s3_bucket.bucket-2 (expand)" references: []
2021/09/27 20:41:58 [DEBUG] ReferenceTransformer: "aws_s3_bucket_object.bucket-2 (expand)" references: []
2021/09/27 20:41:58 [DEBUG] ReferenceTransformer: "var.aws_region" references: []
2021/09/27 20:41:58 [DEBUG] ReferenceTransformer: "random_pet.bucket (expand)" references: []
2021/09/27 20:41:58 [DEBUG] ReferenceTransformer: "aws_s3_bucket_object.bucket-2" references: [aws_s3_bucket.bucket-2 (expand) aws_s3_bucket.bucket-2 aws_s3_bucket.bucket-2 local.ips_path (expand) local.ips_path (expand) local.ips_path (expand)]
2021/09/27 20:41:58 [DEBUG] ReferenceTransformer: "var.aws_profile" references: []
2021/09/27 20:41:58 [DEBUG] ReferenceTransformer: "var.aws_instance_ami" references: []
2021/09/27 20:41:58 [DEBUG] ReferenceTransformer: "provider[\"registry.terraform.io/hashicorp/aws\"]" references: [var.aws_region var.aws_profile]
2021/09/27 20:41:58 [DEBUG] ReferenceTransformer: "aws_instance.ec2Instance (expand)" references: []
2021/09/27 20:41:58 [DEBUG] ReferenceTransformer: "var.aws_default_tags" references: []
2021/09/27 20:41:58 [DEBUG] ReferenceTransformer: "local.ips_path (expand)" references: []
2021/09/27 20:41:58 [DEBUG] ReferenceTransformer: "aws_s3_bucket.bucket-2" references: [random_pet.bucket (expand) var.environment local.tags (expand)]
2021/09/27 20:41:58 [TRACE] Completed graph transform *terraform.ReferenceTransformer with new graph:
  aws_instance.ec2Instance (expand) - *terraform.nodeExpandApplyableResource
    provider["registry.terraform.io/hashicorp/aws"] - *terraform.NodeApplyableProvider
  aws_s3_bucket.bucket-1 (expand) - *terraform.nodeExpandApplyableResource
    provider["registry.terraform.io/hashicorp/aws"] - *terraform.NodeApplyableProvider
  aws_s3_bucket.bucket-2 - *terraform.NodeApplyableResourceInstance
    aws_s3_bucket.bucket-2 (expand) - *terraform.nodeExpandApplyableResource
    local.tags (expand) - *terraform.nodeExpandLocal
    provider["registry.terraform.io/hashicorp/aws"] - *terraform.NodeApplyableProvider
    random_pet.bucket (expand) - *terraform.nodeExpandApplyableResource
    var.environment - *terraform.NodeRootVariable
  aws_s3_bucket.bucket-2 (expand) - *terraform.nodeExpandApplyableResource
    provider["registry.terraform.io/hashicorp/aws"] - *terraform.NodeApplyableProvider
  aws_s3_bucket_object.bucket-2 - *terraform.NodeApplyableResourceInstance
    aws_s3_bucket.bucket-2 - *terraform.NodeApplyableResourceInstance
    aws_s3_bucket.bucket-2 (expand) - *terraform.nodeExpandApplyableResource
    aws_s3_bucket_object.bucket-2 (expand) - *terraform.nodeExpandApplyableResource
    local.ips_path (expand) - *terraform.nodeExpandLocal
    provider["registry.terraform.io/hashicorp/aws"] - *terraform.NodeApplyableProvider
  aws_s3_bucket_object.bucket-2 (expand) - *terraform.nodeExpandApplyableResource
    provider["registry.terraform.io/hashicorp/aws"] - *terraform.NodeApplyableProvider
  local.ips_path (expand) - *terraform.nodeExpandLocal
  local.tags (expand) - *terraform.nodeExpandLocal
    var.environment - *terraform.NodeRootVariable
  provider["registry.terraform.io/hashicorp/aws"] - *terraform.NodeApplyableProvider
    var.aws_profile - *terraform.NodeRootVariable
    var.aws_region - *terraform.NodeRootVariable
  provider["registry.terraform.io/hashicorp/random"] - *terraform.NodeApplyableProvider
  random_pet.bucket (expand) - *terraform.nodeExpandApplyableResource
    provider["registry.terraform.io/hashicorp/random"] - *terraform.NodeApplyableProvider
  var.aws_default_tags - *terraform.NodeRootVariable
  var.aws_instance_ami - *terraform.NodeRootVariable
  var.aws_instance_type - *terraform.NodeRootVariable
  var.aws_profile - *terraform.NodeRootVariable
  var.aws_region - *terraform.NodeRootVariable
  var.environment - *terraform.NodeRootVariable
  ------
2021/09/27 20:41:58 [TRACE] Executing graph transform *terraform.AttachDependenciesTransformer
2021/09/27 20:41:58 [TRACE] AttachDependenciesTransformer: aws_s3_bucket.bucket-2 depends on [random_pet.bucket]
2021/09/27 20:41:58 [TRACE] AttachDependenciesTransformer: aws_s3_bucket_object.bucket-2 depends on [aws_s3_bucket.bucket-2 random_pet.bucket]
2021/09/27 20:41:58 [TRACE] Completed graph transform *terraform.AttachDependenciesTransformer (no changes)
2021/09/27 20:41:58 [TRACE] Executing graph transform *terraform.ForcedCBDTransformer
2021/09/27 20:41:58 [TRACE] ForcedCBDTransformer: "aws_s3_bucket.bucket-2" (*terraform.NodeApplyableResourceInstance) has no CBD descendent, so skipping
2021/09/27 20:41:58 [TRACE] ForcedCBDTransformer: "aws_s3_bucket_object.bucket-2" (*terraform.NodeApplyableResourceInstance) has no CBD descendent, so skipping
2021/09/27 20:41:58 [TRACE] Completed graph transform *terraform.ForcedCBDTransformer (no changes)
2021/09/27 20:41:58 [TRACE] Executing graph transform *terraform.DestroyEdgeTransformer
2021/09/27 20:41:58 [TRACE] Completed graph transform *terraform.DestroyEdgeTransformer (no changes)
2021/09/27 20:41:58 [TRACE] Executing graph transform *terraform.CBDEdgeTransformer
2021/09/27 20:41:58 [TRACE] Completed graph transform *terraform.CBDEdgeTransformer (no changes)
2021/09/27 20:41:58 [TRACE] Executing graph transform *terraform.pruneUnusedNodesTransformer
2021/09/27 20:41:58 [DEBUG] pruneUnusedNodes: aws_instance.ec2Instance (expand) is no longer needed, removing
2021/09/27 20:41:58 [DEBUG] pruneUnusedNodes: aws_s3_bucket.bucket-1 (expand) is no longer needed, removing
2021/09/27 20:41:58 [TRACE] Completed graph transform *terraform.pruneUnusedNodesTransformer with new graph:
  aws_s3_bucket.bucket-2 - *terraform.NodeApplyableResourceInstance
    aws_s3_bucket.bucket-2 (expand) - *terraform.nodeExpandApplyableResource
    local.tags (expand) - *terraform.nodeExpandLocal
    provider["registry.terraform.io/hashicorp/aws"] - *terraform.NodeApplyableProvider
    random_pet.bucket (expand) - *terraform.nodeExpandApplyableResource
    var.environment - *terraform.NodeRootVariable
  aws_s3_bucket.bucket-2 (expand) - *terraform.nodeExpandApplyableResource
    provider["registry.terraform.io/hashicorp/aws"] - *terraform.NodeApplyableProvider
  aws_s3_bucket_object.bucket-2 - *terraform.NodeApplyableResourceInstance
    aws_s3_bucket.bucket-2 - *terraform.NodeApplyableResourceInstance
    aws_s3_bucket.bucket-2 (expand) - *terraform.nodeExpandApplyableResource
    aws_s3_bucket_object.bucket-2 (expand) - *terraform.nodeExpandApplyableResource
    local.ips_path (expand) - *terraform.nodeExpandLocal
    provider["registry.terraform.io/hashicorp/aws"] - *terraform.NodeApplyableProvider
  aws_s3_bucket_object.bucket-2 (expand) - *terraform.nodeExpandApplyableResource
    provider["registry.terraform.io/hashicorp/aws"] - *terraform.NodeApplyableProvider
  local.ips_path (expand) - *terraform.nodeExpandLocal
  local.tags (expand) - *terraform.nodeExpandLocal
    var.environment - *terraform.NodeRootVariable
  provider["registry.terraform.io/hashicorp/aws"] - *terraform.NodeApplyableProvider
    var.aws_profile - *terraform.NodeRootVariable
    var.aws_region - *terraform.NodeRootVariable
  provider["registry.terraform.io/hashicorp/random"] - *terraform.NodeApplyableProvider
  random_pet.bucket (expand) - *terraform.nodeExpandApplyableResource
    provider["registry.terraform.io/hashicorp/random"] - *terraform.NodeApplyableProvider
  var.aws_default_tags - *terraform.NodeRootVariable
  var.aws_instance_ami - *terraform.NodeRootVariable
  var.aws_instance_type - *terraform.NodeRootVariable
  var.aws_profile - *terraform.NodeRootVariable
  var.aws_region - *terraform.NodeRootVariable
  var.environment - *terraform.NodeRootVariable
  ------
2021/09/27 20:41:58 [TRACE] Executing graph transform *terraform.TargetsTransformer
2021/09/27 20:41:58 [TRACE] Completed graph transform *terraform.TargetsTransformer (no changes)
2021/09/27 20:41:58 [TRACE] Executing graph transform *terraform.CountBoundaryTransformer
2021/09/27 20:41:58 [TRACE] Completed graph transform *terraform.CountBoundaryTransformer with new graph:
  aws_s3_bucket.bucket-2 - *terraform.NodeApplyableResourceInstance
    aws_s3_bucket.bucket-2 (expand) - *terraform.nodeExpandApplyableResource
    local.tags (expand) - *terraform.nodeExpandLocal
    provider["registry.terraform.io/hashicorp/aws"] - *terraform.NodeApplyableProvider
    random_pet.bucket (expand) - *terraform.nodeExpandApplyableResource
    var.environment - *terraform.NodeRootVariable
  aws_s3_bucket.bucket-2 (expand) - *terraform.nodeExpandApplyableResource
    provider["registry.terraform.io/hashicorp/aws"] - *terraform.NodeApplyableProvider
  aws_s3_bucket_object.bucket-2 - *terraform.NodeApplyableResourceInstance
    aws_s3_bucket.bucket-2 - *terraform.NodeApplyableResourceInstance
    aws_s3_bucket.bucket-2 (expand) - *terraform.nodeExpandApplyableResource
    aws_s3_bucket_object.bucket-2 (expand) - *terraform.nodeExpandApplyableResource
    local.ips_path (expand) - *terraform.nodeExpandLocal
    provider["registry.terraform.io/hashicorp/aws"] - *terraform.NodeApplyableProvider
  aws_s3_bucket_object.bucket-2 (expand) - *terraform.nodeExpandApplyableResource
    provider["registry.terraform.io/hashicorp/aws"] - *terraform.NodeApplyableProvider
  local.ips_path (expand) - *terraform.nodeExpandLocal
  local.tags (expand) - *terraform.nodeExpandLocal
    var.environment - *terraform.NodeRootVariable
  meta.count-boundary (EachMode fixup) - *terraform.NodeCountBoundary
    aws_s3_bucket.bucket-2 - *terraform.NodeApplyableResourceInstance
    aws_s3_bucket.bucket-2 (expand) - *terraform.nodeExpandApplyableResource
    aws_s3_bucket_object.bucket-2 - *terraform.NodeApplyableResourceInstance
    aws_s3_bucket_object.bucket-2 (expand) - *terraform.nodeExpandApplyableResource
    local.ips_path (expand) - *terraform.nodeExpandLocal
    local.tags (expand) - *terraform.nodeExpandLocal
    provider["registry.terraform.io/hashicorp/aws"] - *terraform.NodeApplyableProvider
    provider["registry.terraform.io/hashicorp/random"] - *terraform.NodeApplyableProvider
    random_pet.bucket (expand) - *terraform.nodeExpandApplyableResource
    var.aws_default_tags - *terraform.NodeRootVariable
    var.aws_instance_ami - *terraform.NodeRootVariable
    var.aws_instance_type - *terraform.NodeRootVariable
    var.aws_profile - *terraform.NodeRootVariable
    var.aws_region - *terraform.NodeRootVariable
    var.environment - *terraform.NodeRootVariable
  provider["registry.terraform.io/hashicorp/aws"] - *terraform.NodeApplyableProvider
    var.aws_profile - *terraform.NodeRootVariable
    var.aws_region - *terraform.NodeRootVariable
  provider["registry.terraform.io/hashicorp/random"] - *terraform.NodeApplyableProvider
  random_pet.bucket (expand) - *terraform.nodeExpandApplyableResource
    provider["registry.terraform.io/hashicorp/random"] - *terraform.NodeApplyableProvider
  var.aws_default_tags - *terraform.NodeRootVariable
  var.aws_instance_ami - *terraform.NodeRootVariable
  var.aws_instance_type - *terraform.NodeRootVariable
  var.aws_profile - *terraform.NodeRootVariable
  var.aws_region - *terraform.NodeRootVariable
  var.environment - *terraform.NodeRootVariable
  ------
2021/09/27 20:41:58 [TRACE] Executing graph transform *terraform.CloseProviderTransformer
2021/09/27 20:41:58 [TRACE] Completed graph transform *terraform.CloseProviderTransformer with new graph:
  aws_s3_bucket.bucket-2 - *terraform.NodeApplyableResourceInstance
    aws_s3_bucket.bucket-2 (expand) - *terraform.nodeExpandApplyableResource
    local.tags (expand) - *terraform.nodeExpandLocal
    provider["registry.terraform.io/hashicorp/aws"] - *terraform.NodeApplyableProvider
    random_pet.bucket (expand) - *terraform.nodeExpandApplyableResource
    var.environment - *terraform.NodeRootVariable
  aws_s3_bucket.bucket-2 (expand) - *terraform.nodeExpandApplyableResource
    provider["registry.terraform.io/hashicorp/aws"] - *terraform.NodeApplyableProvider
  aws_s3_bucket_object.bucket-2 - *terraform.NodeApplyableResourceInstance
    aws_s3_bucket.bucket-2 - *terraform.NodeApplyableResourceInstance
    aws_s3_bucket.bucket-2 (expand) - *terraform.nodeExpandApplyableResource
    aws_s3_bucket_object.bucket-2 (expand) - *terraform.nodeExpandApplyableResource
    local.ips_path (expand) - *terraform.nodeExpandLocal
    provider["registry.terraform.io/hashicorp/aws"] - *terraform.NodeApplyableProvider
  aws_s3_bucket_object.bucket-2 (expand) - *terraform.nodeExpandApplyableResource
    provider["registry.terraform.io/hashicorp/aws"] - *terraform.NodeApplyableProvider
  local.ips_path (expand) - *terraform.nodeExpandLocal
  local.tags (expand) - *terraform.nodeExpandLocal
    var.environment - *terraform.NodeRootVariable
  meta.count-boundary (EachMode fixup) - *terraform.NodeCountBoundary
    aws_s3_bucket.bucket-2 - *terraform.NodeApplyableResourceInstance
    aws_s3_bucket.bucket-2 (expand) - *terraform.nodeExpandApplyableResource
    aws_s3_bucket_object.bucket-2 - *terraform.NodeApplyableResourceInstance
    aws_s3_bucket_object.bucket-2 (expand) - *terraform.nodeExpandApplyableResource
    local.ips_path (expand) - *terraform.nodeExpandLocal
    local.tags (expand) - *terraform.nodeExpandLocal
    provider["registry.terraform.io/hashicorp/aws"] - *terraform.NodeApplyableProvider
    provider["registry.terraform.io/hashicorp/random"] - *terraform.NodeApplyableProvider
    random_pet.bucket (expand) - *terraform.nodeExpandApplyableResource
    var.aws_default_tags - *terraform.NodeRootVariable
    var.aws_instance_ami - *terraform.NodeRootVariable
    var.aws_instance_type - *terraform.NodeRootVariable
    var.aws_profile - *terraform.NodeRootVariable
    var.aws_region - *terraform.NodeRootVariable
    var.environment - *terraform.NodeRootVariable
  provider["registry.terraform.io/hashicorp/aws"] - *terraform.NodeApplyableProvider
    var.aws_profile - *terraform.NodeRootVariable
    var.aws_region - *terraform.NodeRootVariable
  provider["registry.terraform.io/hashicorp/aws"] (close) - *terraform.graphNodeCloseProvider
    aws_s3_bucket.bucket-2 - *terraform.NodeApplyableResourceInstance
    aws_s3_bucket.bucket-2 (expand) - *terraform.nodeExpandApplyableResource
    aws_s3_bucket_object.bucket-2 - *terraform.NodeApplyableResourceInstance
    aws_s3_bucket_object.bucket-2 (expand) - *terraform.nodeExpandApplyableResource
    provider["registry.terraform.io/hashicorp/aws"] - *terraform.NodeApplyableProvider
  provider["registry.terraform.io/hashicorp/random"] - *terraform.NodeApplyableProvider
  provider["registry.terraform.io/hashicorp/random"] (close) - *terraform.graphNodeCloseProvider
    provider["registry.terraform.io/hashicorp/random"] - *terraform.NodeApplyableProvider
    random_pet.bucket (expand) - *terraform.nodeExpandApplyableResource
  random_pet.bucket (expand) - *terraform.nodeExpandApplyableResource
    provider["registry.terraform.io/hashicorp/random"] - *terraform.NodeApplyableProvider
  var.aws_default_tags - *terraform.NodeRootVariable
  var.aws_instance_ami - *terraform.NodeRootVariable
  var.aws_instance_type - *terraform.NodeRootVariable
  var.aws_profile - *terraform.NodeRootVariable
  var.aws_region - *terraform.NodeRootVariable
  var.environment - *terraform.NodeRootVariable
  ------
2021/09/27 20:41:58 [TRACE] Executing graph transform *terraform.CloseProvisionerTransformer
2021/09/27 20:41:58 [TRACE] Completed graph transform *terraform.CloseProvisionerTransformer (no changes)
2021/09/27 20:41:58 [TRACE] Executing graph transform *terraform.CloseRootModuleTransformer
2021/09/27 20:41:58 [TRACE] Completed graph transform *terraform.CloseRootModuleTransformer with new graph:
  aws_s3_bucket.bucket-2 - *terraform.NodeApplyableResourceInstance
    aws_s3_bucket.bucket-2 (expand) - *terraform.nodeExpandApplyableResource
    local.tags (expand) - *terraform.nodeExpandLocal
    provider["registry.terraform.io/hashicorp/aws"] - *terraform.NodeApplyableProvider
    random_pet.bucket (expand) - *terraform.nodeExpandApplyableResource
    var.environment - *terraform.NodeRootVariable
  aws_s3_bucket.bucket-2 (expand) - *terraform.nodeExpandApplyableResource
    provider["registry.terraform.io/hashicorp/aws"] - *terraform.NodeApplyableProvider
  aws_s3_bucket_object.bucket-2 - *terraform.NodeApplyableResourceInstance
    aws_s3_bucket.bucket-2 - *terraform.NodeApplyableResourceInstance
    aws_s3_bucket.bucket-2 (expand) - *terraform.nodeExpandApplyableResource
    aws_s3_bucket_object.bucket-2 (expand) - *terraform.nodeExpandApplyableResource
    local.ips_path (expand) - *terraform.nodeExpandLocal
    provider["registry.terraform.io/hashicorp/aws"] - *terraform.NodeApplyableProvider
  aws_s3_bucket_object.bucket-2 (expand) - *terraform.nodeExpandApplyableResource
    provider["registry.terraform.io/hashicorp/aws"] - *terraform.NodeApplyableProvider
  local.ips_path (expand) - *terraform.nodeExpandLocal
  local.tags (expand) - *terraform.nodeExpandLocal
    var.environment - *terraform.NodeRootVariable
  meta.count-boundary (EachMode fixup) - *terraform.NodeCountBoundary
    aws_s3_bucket.bucket-2 - *terraform.NodeApplyableResourceInstance
    aws_s3_bucket.bucket-2 (expand) - *terraform.nodeExpandApplyableResource
    aws_s3_bucket_object.bucket-2 - *terraform.NodeApplyableResourceInstance
    aws_s3_bucket_object.bucket-2 (expand) - *terraform.nodeExpandApplyableResource
    local.ips_path (expand) - *terraform.nodeExpandLocal
    local.tags (expand) - *terraform.nodeExpandLocal
    provider["registry.terraform.io/hashicorp/aws"] - *terraform.NodeApplyableProvider
    provider["registry.terraform.io/hashicorp/random"] - *terraform.NodeApplyableProvider
    random_pet.bucket (expand) - *terraform.nodeExpandApplyableResource
    var.aws_default_tags - *terraform.NodeRootVariable
    var.aws_instance_ami - *terraform.NodeRootVariable
    var.aws_instance_type - *terraform.NodeRootVariable
    var.aws_profile - *terraform.NodeRootVariable
    var.aws_region - *terraform.NodeRootVariable
    var.environment - *terraform.NodeRootVariable
  provider["registry.terraform.io/hashicorp/aws"] - *terraform.NodeApplyableProvider
    var.aws_profile - *terraform.NodeRootVariable
    var.aws_region - *terraform.NodeRootVariable
  provider["registry.terraform.io/hashicorp/aws"] (close) - *terraform.graphNodeCloseProvider
    aws_s3_bucket.bucket-2 - *terraform.NodeApplyableResourceInstance
    aws_s3_bucket.bucket-2 (expand) - *terraform.nodeExpandApplyableResource
    aws_s3_bucket_object.bucket-2 - *terraform.NodeApplyableResourceInstance
    aws_s3_bucket_object.bucket-2 (expand) - *terraform.nodeExpandApplyableResource
    provider["registry.terraform.io/hashicorp/aws"] - *terraform.NodeApplyableProvider
  provider["registry.terraform.io/hashicorp/random"] - *terraform.NodeApplyableProvider
  provider["registry.terraform.io/hashicorp/random"] (close) - *terraform.graphNodeCloseProvider
    provider["registry.terraform.io/hashicorp/random"] - *terraform.NodeApplyableProvider
    random_pet.bucket (expand) - *terraform.nodeExpandApplyableResource
  random_pet.bucket (expand) - *terraform.nodeExpandApplyableResource
    provider["registry.terraform.io/hashicorp/random"] - *terraform.NodeApplyableProvider
  root - *terraform.nodeCloseModule
    meta.count-boundary (EachMode fixup) - *terraform.NodeCountBoundary
    provider["registry.terraform.io/hashicorp/aws"] (close) - *terraform.graphNodeCloseProvider
    provider["registry.terraform.io/hashicorp/random"] (close) - *terraform.graphNodeCloseProvider
  var.aws_default_tags - *terraform.NodeRootVariable
  var.aws_instance_ami - *terraform.NodeRootVariable
  var.aws_instance_type - *terraform.NodeRootVariable
  var.aws_profile - *terraform.NodeRootVariable
  var.aws_region - *terraform.NodeRootVariable
  var.environment - *terraform.NodeRootVariable
  ------
2021/09/27 20:41:58 [TRACE] Executing graph transform *terraform.TransitiveReductionTransformer
2021/09/27 20:41:58 [TRACE] Completed graph transform *terraform.TransitiveReductionTransformer with new graph:
  aws_s3_bucket.bucket-2 - *terraform.NodeApplyableResourceInstance
    aws_s3_bucket.bucket-2 (expand) - *terraform.nodeExpandApplyableResource
    local.tags (expand) - *terraform.nodeExpandLocal
    random_pet.bucket (expand) - *terraform.nodeExpandApplyableResource
  aws_s3_bucket.bucket-2 (expand) - *terraform.nodeExpandApplyableResource
    provider["registry.terraform.io/hashicorp/aws"] - *terraform.NodeApplyableProvider
  aws_s3_bucket_object.bucket-2 - *terraform.NodeApplyableResourceInstance
    aws_s3_bucket.bucket-2 - *terraform.NodeApplyableResourceInstance
    aws_s3_bucket_object.bucket-2 (expand) - *terraform.nodeExpandApplyableResource
    local.ips_path (expand) - *terraform.nodeExpandLocal
  aws_s3_bucket_object.bucket-2 (expand) - *terraform.nodeExpandApplyableResource
    provider["registry.terraform.io/hashicorp/aws"] - *terraform.NodeApplyableProvider
  local.ips_path (expand) - *terraform.nodeExpandLocal
  local.tags (expand) - *terraform.nodeExpandLocal
    var.environment - *terraform.NodeRootVariable
  meta.count-boundary (EachMode fixup) - *terraform.NodeCountBoundary
    aws_s3_bucket_object.bucket-2 - *terraform.NodeApplyableResourceInstance
    var.aws_default_tags - *terraform.NodeRootVariable
    var.aws_instance_ami - *terraform.NodeRootVariable
    var.aws_instance_type - *terraform.NodeRootVariable
  provider["registry.terraform.io/hashicorp/aws"] - *terraform.NodeApplyableProvider
    var.aws_profile - *terraform.NodeRootVariable
    var.aws_region - *terraform.NodeRootVariable
  provider["registry.terraform.io/hashicorp/aws"] (close) - *terraform.graphNodeCloseProvider
    aws_s3_bucket_object.bucket-2 - *terraform.NodeApplyableResourceInstance
  provider["registry.terraform.io/hashicorp/random"] - *terraform.NodeApplyableProvider
  provider["registry.terraform.io/hashicorp/random"] (close) - *terraform.graphNodeCloseProvider
    random_pet.bucket (expand) - *terraform.nodeExpandApplyableResource
  random_pet.bucket (expand) - *terraform.nodeExpandApplyableResource
    provider["registry.terraform.io/hashicorp/random"] - *terraform.NodeApplyableProvider
  root - *terraform.nodeCloseModule
    meta.count-boundary (EachMode fixup) - *terraform.NodeCountBoundary
    provider["registry.terraform.io/hashicorp/aws"] (close) - *terraform.graphNodeCloseProvider
    provider["registry.terraform.io/hashicorp/random"] (close) - *terraform.graphNodeCloseProvider
  var.aws_default_tags - *terraform.NodeRootVariable
  var.aws_instance_ami - *terraform.NodeRootVariable
  var.aws_instance_type - *terraform.NodeRootVariable
  var.aws_profile - *terraform.NodeRootVariable
  var.aws_region - *terraform.NodeRootVariable
  var.environment - *terraform.NodeRootVariable
  ------
2021/09/27 20:41:58 [DEBUG] Starting graph walk: walkApply
2021/09/27 20:41:58 [TRACE] dag/walk: visiting "var.aws_region"
2021/09/27 20:41:58 [TRACE] vertex "var.aws_region": starting visit (*terraform.NodeRootVariable)
2021/09/27 20:41:58 [TRACE] dag/walk: visiting "var.aws_default_tags"
2021/09/27 20:41:58 [TRACE] vertex "var.aws_default_tags": starting visit (*terraform.NodeRootVariable)
2021/09/27 20:41:58 [TRACE] dag/walk: visiting "local.ips_path (expand)"
2021/09/27 20:41:58 [TRACE] vertex "local.ips_path (expand)": starting visit (*terraform.nodeExpandLocal)
2021/09/27 20:41:58 [TRACE] dag/walk: visiting "var.aws_instance_ami"
2021/09/27 20:41:58 [TRACE] vertex "var.aws_instance_ami": starting visit (*terraform.NodeRootVariable)
2021/09/27 20:41:58 [TRACE] vertex "var.aws_instance_ami": visit complete
2021/09/27 20:41:58 [TRACE] dag/walk: visiting "provider[\"registry.terraform.io/hashicorp/random\"]"
2021/09/27 20:41:58 [TRACE] vertex "provider[\"registry.terraform.io/hashicorp/random\"]": starting visit (*terraform.NodeApplyableProvider)
2021/09/27 20:41:58 [TRACE] vertex "local.ips_path (expand)": expanding dynamic subgraph
2021/09/27 20:41:58 [TRACE] Expanding local: adding local.ips_path as *terraform.NodeLocal
2021/09/27 20:41:58 [TRACE] vertex "local.ips_path (expand)": entering dynamic subgraph
2021/09/27 20:41:58 [TRACE] dag/walk: visiting "local.ips_path"
2021/09/27 20:41:58 [TRACE] vertex "local.ips_path": starting visit (*terraform.NodeLocal)
2021/09/27 20:41:58 [TRACE] vertex "var.aws_region": visit complete
2021/09/27 20:41:58 [TRACE] dag/walk: visiting "var.aws_profile"
2021/09/27 20:41:58 [TRACE] vertex "var.aws_profile": starting visit (*terraform.NodeRootVariable)
2021/09/27 20:41:58 [TRACE] vertex "var.aws_profile": visit complete
2021/09/27 20:41:58 [TRACE] dag/walk: visiting "provider[\"registry.terraform.io/hashicorp/aws\"]"
2021-09-27T20:41:58.451-0300 [INFO]  plugin: configuring client automatic mTLS
2021/09/27 20:41:58 [TRACE] vertex "provider[\"registry.terraform.io/hashicorp/aws\"]": starting visit (*terraform.NodeApplyableProvider)
2021/09/27 20:41:58 [TRACE] dag/walk: visiting "var.aws_instance_type"
2021/09/27 20:41:58 [TRACE] vertex "var.aws_instance_type": starting visit (*terraform.NodeRootVariable)
2021/09/27 20:41:58 [TRACE] vertex "var.aws_instance_type": visit complete
2021/09/27 20:41:58 [TRACE] dag/walk: visiting "var.environment"
2021/09/27 20:41:58 [TRACE] vertex "var.environment": starting visit (*terraform.NodeRootVariable)
2021/09/27 20:41:58 [TRACE] vertex "var.environment": visit complete
2021/09/27 20:41:58 [TRACE] dag/walk: visiting "local.tags (expand)"
2021/09/27 20:41:58 [TRACE] vertex "local.tags (expand)": starting visit (*terraform.nodeExpandLocal)
2021/09/27 20:41:58 [TRACE] vertex "local.tags (expand)": expanding dynamic subgraph
2021/09/27 20:41:58 [TRACE] Expanding local: adding local.tags as *terraform.NodeLocal
2021/09/27 20:41:58 [TRACE] vertex "local.tags (expand)": entering dynamic subgraph
2021/09/27 20:41:58 [TRACE] dag/walk: visiting "local.tags"
2021/09/27 20:41:58 [TRACE] vertex "var.aws_default_tags": visit complete
2021/09/27 20:41:58 [TRACE] vertex "local.tags": starting visit (*terraform.NodeLocal)
2021/09/27 20:41:58 [TRACE] vertex "local.ips_path": visit complete
2021/09/27 20:41:58 [TRACE] vertex "local.ips_path (expand)": dynamic subgraph completed successfully
2021/09/27 20:41:58 [TRACE] vertex "local.ips_path (expand)": visit complete
2021/09/27 20:41:58 [TRACE] vertex "local.tags": visit complete
2021/09/27 20:41:58 [TRACE] vertex "local.tags (expand)": dynamic subgraph completed successfully
2021/09/27 20:41:58 [TRACE] vertex "local.tags (expand)": visit complete
2021-09-27T20:41:58.506-0300 [DEBUG] plugin: starting plugin: path=.terraform/providers/registry.terraform.io/hashicorp/random/3.0.1/linux_amd64/terraform-provider-random_v3.0.1_x5 args=[.terraform/providers/registry.terraform.io/hashicorp/random/3.0.1/linux_amd64/terraform-provider-random_v3.0.1_x5]
2021-09-27T20:41:58.506-0300 [DEBUG] plugin: plugin started: path=.terraform/providers/registry.terraform.io/hashicorp/random/3.0.1/linux_amd64/terraform-provider-random_v3.0.1_x5 pid=8600
2021-09-27T20:41:58.506-0300 [DEBUG] plugin: waiting for RPC address: path=.terraform/providers/registry.terraform.io/hashicorp/random/3.0.1/linux_amd64/terraform-provider-random_v3.0.1_x5
2021-09-27T20:41:58.518-0300 [INFO]  plugin.terraform-provider-random_v3.0.1_x5: configuring server automatic mTLS: timestamp=2021-09-27T20:41:58.517-0300
2021-09-27T20:41:58.561-0300 [DEBUG] plugin.terraform-provider-random_v3.0.1_x5: plugin address: address=/tmp/plugin427941427 network=unix timestamp=2021-09-27T20:41:58.561-0300
2021-09-27T20:41:58.561-0300 [DEBUG] plugin: using plugin: version=5
2021/09/27 20:41:58 [TRACE] BuiltinEvalContext: Initialized "provider[\"registry.terraform.io/hashicorp/random\"]" provider for provider["registry.terraform.io/hashicorp/random"]
2021/09/27 20:41:58 [TRACE] buildProviderConfig for provider["registry.terraform.io/hashicorp/random"]: no configuration at all
2021/09/27 20:41:58 [TRACE] GRPCProvider: GetSchema
2021-09-27T20:41:58.647-0300 [TRACE] plugin.stdio: waiting for stdio data
2021-09-27T20:41:58.647-0300 [INFO]  plugin: configuring client automatic mTLS
2021-09-27T20:41:58.688-0300 [DEBUG] plugin: starting plugin: path=.terraform/providers/registry.terraform.io/hashicorp/aws/3.23.0/linux_amd64/terraform-provider-aws_v3.23.0_x5 args=[.terraform/providers/registry.terraform.io/hashicorp/aws/3.23.0/linux_amd64/terraform-provider-aws_v3.23.0_x5]
2021-09-27T20:41:58.693-0300 [DEBUG] plugin: plugin started: path=.terraform/providers/registry.terraform.io/hashicorp/aws/3.23.0/linux_amd64/terraform-provider-aws_v3.23.0_x5 pid=8612
2021-09-27T20:41:58.693-0300 [DEBUG] plugin: waiting for RPC address: path=.terraform/providers/registry.terraform.io/hashicorp/aws/3.23.0/linux_amd64/terraform-provider-aws_v3.23.0_x5
2021-09-27T20:41:58.734-0300 [INFO]  plugin.terraform-provider-aws_v3.23.0_x5: configuring server automatic mTLS: timestamp=2021-09-27T20:41:58.734-0300
2021-09-27T20:41:58.785-0300 [DEBUG] plugin.terraform-provider-aws_v3.23.0_x5: plugin address: address=/tmp/plugin798652543 network=unix timestamp=2021-09-27T20:41:58.785-0300
2021-09-27T20:41:58.785-0300 [DEBUG] plugin: using plugin: version=5
2021/09/27 20:41:58 [TRACE] BuiltinEvalContext: Initialized "provider[\"registry.terraform.io/hashicorp/aws\"]" provider for provider["registry.terraform.io/hashicorp/aws"]
2021-09-27T20:41:58.884-0300 [TRACE] plugin.stdio: waiting for stdio data
2021/09/27 20:41:58 [TRACE] buildProviderConfig for provider["registry.terraform.io/hashicorp/aws"]: using explicit config only
2021/09/27 20:41:58 [TRACE] GRPCProvider: GetSchema
2021/09/27 20:41:58 [TRACE] GRPCProvider: Configure
2021/09/27 20:41:58 [TRACE] vertex "provider[\"registry.terraform.io/hashicorp/random\"]": visit complete
2021/09/27 20:41:58 [TRACE] dag/walk: visiting "random_pet.bucket (expand)"
2021/09/27 20:41:58 [TRACE] vertex "random_pet.bucket (expand)": starting visit (*terraform.nodeExpandApplyableResource)
2021/09/27 20:41:58 [TRACE] vertex "random_pet.bucket (expand)": expanding dynamic subgraph
2021/09/27 20:41:58 [TRACE] vertex "random_pet.bucket (expand)": entering dynamic subgraph
2021/09/27 20:41:58 [TRACE] dag/walk: visiting "random_pet.bucket"
2021/09/27 20:41:58 [TRACE] vertex "random_pet.bucket": starting visit (*terraform.NodeApplyableResource)
2021/09/27 20:41:58 [TRACE] vertex "random_pet.bucket": visit complete
2021/09/27 20:41:58 [TRACE] vertex "random_pet.bucket (expand)": dynamic subgraph completed successfully
2021/09/27 20:41:58 [TRACE] vertex "random_pet.bucket (expand)": visit complete
2021/09/27 20:41:58 [TRACE] dag/walk: visiting "provider[\"registry.terraform.io/hashicorp/random\"] (close)"
2021/09/27 20:41:58 [TRACE] vertex "provider[\"registry.terraform.io/hashicorp/random\"] (close)": starting visit (*terraform.graphNodeCloseProvider)
2021/09/27 20:41:58 [TRACE] GRPCProvider: Close
2021-09-27T20:41:58.886-0300 [WARN]  plugin.stdio: received EOF, stopping recv loop: err="rpc error: code = Unavailable desc = transport is closing"
2021-09-27T20:41:58.887-0300 [DEBUG] plugin: plugin process exited: path=.terraform/providers/registry.terraform.io/hashicorp/random/3.0.1/linux_amd64/terraform-provider-random_v3.0.1_x5 pid=8600
2021-09-27T20:41:58.887-0300 [DEBUG] plugin: plugin exited
2021/09/27 20:41:58 [TRACE] vertex "provider[\"registry.terraform.io/hashicorp/random\"] (close)": visit complete
2021/09/27 20:41:58 [TRACE] backend/local: waiting for the running operation to stop
2021/09/27 20:41:58 [WARN] terraform: Stop called, initiating interrupt sequence
2021/09/27 20:41:58 [WARN] terraform: run context exists, stopping
2021/09/27 20:41:58 [INFO] terraform: waiting for graceful stop to complete
2021/09/27 20:41:58 [TRACE] Context: requesting providers and provisioners to gracefully stop
2021/09/27 20:41:58 [TRACE] GRPCProvider: Stop
2021-09-27T20:41:58.974-0300 [TRACE] plugin.terraform-provider-aws_v3.23.0_x5: plugin received interrupt signal, ignoring: count=1 timestamp=2021-09-27T20:41:58.972-0300
2021-09-27T20:41:58.977-0300 [DEBUG] plugin.terraform-provider-aws_v3.23.0_x5: panic: close of nil channel
2021-09-27T20:41:58.977-0300 [DEBUG] plugin.terraform-provider-aws_v3.23.0_x5: 
2021-09-27T20:41:58.977-0300 [DEBUG] plugin.terraform-provider-aws_v3.23.0_x5: goroutine 65 [running]:
2021-09-27T20:41:58.977-0300 [DEBUG] plugin.terraform-provider-aws_v3.23.0_x5: github.com/hashicorp/terraform-plugin-go/tfprotov5/server.(*server).stop(0xc0016658e0)
2021-09-27T20:41:58.977-0300 [DEBUG] plugin.terraform-provider-aws_v3.23.0_x5: 	/opt/teamcity-agent/work/5d79fe75d4460a2f/pkg/mod/github.com/hashicorp/terraform-plugin-go@v0.1.0/tfprotov5/server/server.go:201 +0x71
2021-09-27T20:41:58.977-0300 [DEBUG] plugin.terraform-provider-aws_v3.23.0_x5: github.com/hashicorp/terraform-plugin-go/tfprotov5/server.(*server).Stop(0xc0016658e0, 0x716bf00, 0xc001b274a0, 0xc001b274d0, 0xc0016658e0, 0xc001b274a0, 0xc00072fba0)
2021-09-27T20:41:58.977-0300 [DEBUG] plugin.terraform-provider-aws_v3.23.0_x5: 	/opt/teamcity-agent/work/5d79fe75d4460a2f/pkg/mod/github.com/hashicorp/terraform-plugin-go@v0.1.0/tfprotov5/server/server.go:215 +0xa5
2021-09-27T20:41:58.977-0300 [DEBUG] plugin.terraform-provider-aws_v3.23.0_x5: github.com/hashicorp/terraform-plugin-go/tfprotov5/internal/tfplugin5._Provider_Stop_Handler(0x652cda0, 0xc0016658e0, 0x716bf00, 0xc001b274a0, 0xc000114540, 0x0, 0x716bf00, 0xc001b274a0, 0x0, 0x0)
2021-09-27T20:41:58.977-0300 [DEBUG] plugin.terraform-provider-aws_v3.23.0_x5: 	/opt/teamcity-agent/work/5d79fe75d4460a2f/pkg/mod/github.com/hashicorp/terraform-plugin-go@v0.1.0/tfprotov5/internal/tfplugin5/tfplugin5_grpc.pb.go:434 +0x214
2021-09-27T20:41:58.977-0300 [DEBUG] plugin.terraform-provider-aws_v3.23.0_x5: google.golang.org/grpc.(*Server).processUnaryRPC(0xc0001fee00, 0x718eae0, 0xc000726900, 0xc00174e400, 0xc0006b0ed0, 0xa5270a8, 0x0, 0x0, 0x0)
2021-09-27T20:41:58.977-0300 [DEBUG] plugin.terraform-provider-aws_v3.23.0_x5: 	/opt/teamcity-agent/work/5d79fe75d4460a2f/pkg/mod/google.golang.org/grpc@v1.32.0/server.go:1194 +0x522
2021-09-27T20:41:58.977-0300 [DEBUG] plugin.terraform-provider-aws_v3.23.0_x5: google.golang.org/grpc.(*Server).handleStream(0xc0001fee00, 0x718eae0, 0xc000726900, 0xc00174e400, 0x0)
2021-09-27T20:41:58.977-0300 [DEBUG] plugin.terraform-provider-aws_v3.23.0_x5: 	/opt/teamcity-agent/work/5d79fe75d4460a2f/pkg/mod/google.golang.org/grpc@v1.32.0/server.go:1517 +0xd05
2021-09-27T20:41:58.977-0300 [DEBUG] plugin.terraform-provider-aws_v3.23.0_x5: google.golang.org/grpc.(*Server).serveStreams.func1.2(0xc0010781a0, 0xc0001fee00, 0x718eae0, 0xc000726900, 0xc00174e400)
2021-09-27T20:41:58.977-0300 [DEBUG] plugin.terraform-provider-aws_v3.23.0_x5: 	/opt/teamcity-agent/work/5d79fe75d4460a2f/pkg/mod/google.golang.org/grpc@v1.32.0/server.go:859 +0xa5
2021-09-27T20:41:58.977-0300 [DEBUG] plugin.terraform-provider-aws_v3.23.0_x5: created by google.golang.org/grpc.(*Server).serveStreams.func1
2021-09-27T20:41:58.977-0300 [DEBUG] plugin.terraform-provider-aws_v3.23.0_x5: 	/opt/teamcity-agent/work/5d79fe75d4460a2f/pkg/mod/google.golang.org/grpc@v1.32.0/server.go:857 +0x1fd
2021-09-27T20:41:58.981-0300 [DEBUG] plugin: plugin process exited: path=.terraform/providers/registry.terraform.io/hashicorp/aws/3.23.0/linux_amd64/terraform-provider-aws_v3.23.0_x5 pid=8612 error="exit status 2"
2021-09-27T20:41:58.981-0300 [WARN]  plugin.stdio: received EOF, stopping recv loop: err="rpc error: code = Canceled desc = context canceled"
2021/09/27 20:41:59 [TRACE] GRPCProvider: Configure
2021/09/27 20:41:59 [TRACE] vertex "provider[\"registry.terraform.io/hashicorp/aws\"]": visit complete
2021/09/27 20:41:59 [TRACE] dag/walk: upstream of "aws_s3_bucket_object.bucket-2 (expand)" errored, so skipping
2021/09/27 20:41:59 [TRACE] dag/walk: upstream of "aws_s3_bucket.bucket-2 (expand)" errored, so skipping
2021/09/27 20:41:59 [TRACE] dag/walk: upstream of "aws_s3_bucket.bucket-2" errored, so skipping
2021/09/27 20:41:59 [TRACE] dag/walk: upstream of "aws_s3_bucket_object.bucket-2" errored, so skipping
2021/09/27 20:41:59 [TRACE] dag/walk: upstream of "provider[\"registry.terraform.io/hashicorp/aws\"] (close)" errored, so skipping
2021/09/27 20:41:59 [TRACE] dag/walk: upstream of "meta.count-boundary (EachMode fixup)" errored, so skipping
2021/09/27 20:41:59 [TRACE] dag/walk: upstream of "root" errored, so skipping
2021/09/27 20:41:59 [TRACE] backend/local: graceful stop has completed
2021/09/27 20:41:59 [WARN] terraform: stop complete
2021/09/27 20:41:59 [TRACE] statemgr.Filesystem: creating backup snapshot at terraform.tfstate.backup
2021/09/27 20:41:59 [TRACE] statemgr.Filesystem: state has changed since last snapshot, so incrementing serial to 38
2021/09/27 20:41:59 [TRACE] statemgr.Filesystem: writing snapshot at terraform.tfstate
2021/09/27 20:41:59 [TRACE] statemgr.Filesystem: removing lock metadata file .terraform.tfstate.lock.info
2021/09/27 20:41:59 [TRACE] statemgr.Filesystem: unlocking terraform.tfstate using fcntl flock
2021-09-27T20:41:59.116-0300 [DEBUG] plugin: plugin exited
